<?xml version="1.0" encoding="UTF-8"?>
<!-- Generated by org.testng.reporters.JUnitXMLReporter -->
<testsuite hostname="CSUATRDP01" ignored="3" name="RDM API Regression" tests="38" failures="11" timestamp="19 Aug 2020 10:29:01 GMT" time="2530.58" errors="0">
  <testcase name="Verify InstrumentDetails Api" time="89.754" classname="com.qmetry.qaf.automation.step.client.DataDrivenScenario">
    <failure type="java.lang.AssertionError" message="null">
      <![CDATA[java.lang.AssertionError: null
	at .When User made "${Type}" request to "${URL}" with "${RequestFile}" and compare "${ResponseCount}" and file "${ExpectedFile}"(features/InstrumentDetails.feature:5)
	at com.testscripts.TC_1_Postmethod.userMadeRequestToWithAndCompareAndFile(TC_1_Postmethod.java:85)
	at com.qmetry.qaf.automation.step.JavaStep.doExecute(JavaStep.java:150)
	at com.qmetry.qaf.automation.step.BaseTestStep.execute(BaseTestStep.java:146)
	at com.qmetry.qaf.automation.step.StringTestStep.execute(StringTestStep.java:126)
	at com.qmetry.qaf.automation.step.client.Scenario.execute(Scenario.java:174)
	at com.qmetry.qaf.automation.step.client.DataDrivenScenario.scenario(DataDrivenScenario.java:66)
]]>
    </failure>
  </testcase> <!-- Verify InstrumentDetails Api -->
  <testcase name="Verify InstrumentDetails Api" time="9.916" classname="com.qmetry.qaf.automation.step.client.DataDrivenScenario"/>
  <testcase name="Verify InstrumentDetails Api" time="5.455" classname="com.qmetry.qaf.automation.step.client.DataDrivenScenario"/>
  <testcase name="Verify InstrumentDetails Api" time="76.285" classname="com.qmetry.qaf.automation.step.client.DataDrivenScenario">
    <failure type="java.lang.AssertionError" message="null">
      <![CDATA[java.lang.AssertionError: null
	at .When User made "${Type}" request to "${URL}" with "${RequestFile}" and compare "${ResponseCount}" and file "${ExpectedFile}"(features/InstrumentDetails.feature:5)
	at com.testscripts.TC_1_Postmethod.userMadeRequestToWithAndCompareAndFile(TC_1_Postmethod.java:85)
	at com.qmetry.qaf.automation.step.JavaStep.doExecute(JavaStep.java:150)
	at com.qmetry.qaf.automation.step.BaseTestStep.execute(BaseTestStep.java:146)
	at com.qmetry.qaf.automation.step.StringTestStep.execute(StringTestStep.java:126)
	at com.qmetry.qaf.automation.step.client.Scenario.execute(Scenario.java:174)
	at com.qmetry.qaf.automation.step.client.DataDrivenScenario.scenario(DataDrivenScenario.java:66)
]]>
    </failure>
  </testcase> <!-- Verify InstrumentDetails Api -->
  <testcase name="Verify InstrumentDetails Api" time="76.733" classname="com.qmetry.qaf.automation.step.client.DataDrivenScenario"/>
  <testcase name="Verify InstrumentDetails Api" time="30.571" classname="com.qmetry.qaf.automation.step.client.DataDrivenScenario"/>
  <testcase name="Verify InstrumentDetails Api" time="1.046" classname="com.qmetry.qaf.automation.step.client.DataDrivenScenario"/>
  <testcase name="Verify InstrumentDetails Api" time="5.868" classname="com.qmetry.qaf.automation.step.client.DataDrivenScenario"/>
  <testcase name="Verify InstrumentDetails Api" time="1.436" classname="com.qmetry.qaf.automation.step.client.DataDrivenScenario"/>
  <testcase name="Verify InstrumentDetails Api" time="47.043" classname="com.qmetry.qaf.automation.step.client.DataDrivenScenario"/>
  <testcase name="Verify InstrumentDetails Api" time="10.934" classname="com.qmetry.qaf.automation.step.client.DataDrivenScenario">
    <failure type="java.lang.AssertionError" message="null">
      <![CDATA[java.lang.AssertionError: null
	at .When User made "${Type}" request to "${URL}" with "${RequestFile}" and compare "${ResponseCount}" and file "${ExpectedFile}"(features/InstrumentDetails.feature:5)
	at com.testscripts.TC_1_Postmethod.userMadeRequestToWithAndCompareAndFile(TC_1_Postmethod.java:85)
	at com.qmetry.qaf.automation.step.JavaStep.doExecute(JavaStep.java:150)
	at com.qmetry.qaf.automation.step.BaseTestStep.execute(BaseTestStep.java:146)
	at com.qmetry.qaf.automation.step.StringTestStep.execute(StringTestStep.java:126)
	at com.qmetry.qaf.automation.step.client.Scenario.execute(Scenario.java:174)
	at com.qmetry.qaf.automation.step.client.DataDrivenScenario.scenario(DataDrivenScenario.java:66)
]]>
    </failure>
  </testcase> <!-- Verify InstrumentDetails Api -->
  <testcase name="Verify InstrumentDetails Api" time="215.992" classname="com.qmetry.qaf.automation.step.client.DataDrivenScenario"/>
  <testcase name="Verify InstrumentDetails Api" time="222.29" classname="com.qmetry.qaf.automation.step.client.DataDrivenScenario">
    <failure type="java.lang.AssertionError" message="null">
      <![CDATA[java.lang.AssertionError: null
	at .When User made "${Type}" request to "${URL}" with "${RequestFile}" and compare "${ResponseCount}" and file "${ExpectedFile}"(features/InstrumentDetails.feature:5)
	at com.testscripts.TC_1_Postmethod.userMadeRequestToWithAndCompareAndFile(TC_1_Postmethod.java:85)
	at com.qmetry.qaf.automation.step.JavaStep.doExecute(JavaStep.java:150)
	at com.qmetry.qaf.automation.step.BaseTestStep.execute(BaseTestStep.java:146)
	at com.qmetry.qaf.automation.step.StringTestStep.execute(StringTestStep.java:126)
	at com.qmetry.qaf.automation.step.client.Scenario.execute(Scenario.java:174)
	at com.qmetry.qaf.automation.step.client.DataDrivenScenario.scenario(DataDrivenScenario.java:66)
]]>
    </failure>
  </testcase> <!-- Verify InstrumentDetails Api -->
  <testcase name="Verify InstrumentDetails Api" time="34.04" classname="com.qmetry.qaf.automation.step.client.DataDrivenScenario">
    <failure type="java.lang.AssertionError" message="null">
      <![CDATA[java.lang.AssertionError: null
	at .When User made "${Type}" request to "${URL}" with "${RequestFile}" and compare "${ResponseCount}" and file "${ExpectedFile}"(features/InstrumentDetails.feature:5)
	at com.testscripts.TC_1_Postmethod.userMadeRequestToWithAndCompareAndFile(TC_1_Postmethod.java:85)
	at com.qmetry.qaf.automation.step.JavaStep.doExecute(JavaStep.java:150)
	at com.qmetry.qaf.automation.step.BaseTestStep.execute(BaseTestStep.java:146)
	at com.qmetry.qaf.automation.step.StringTestStep.execute(StringTestStep.java:126)
	at com.qmetry.qaf.automation.step.client.Scenario.execute(Scenario.java:174)
	at com.qmetry.qaf.automation.step.client.DataDrivenScenario.scenario(DataDrivenScenario.java:66)
]]>
    </failure>
  </testcase> <!-- Verify InstrumentDetails Api -->
  <testcase name="Verify InstrumentDetails Api" time="142.366" classname="com.qmetry.qaf.automation.step.client.DataDrivenScenario"/>
  <testcase name="Verify InstrumentDetails Api" time="62.021" classname="com.qmetry.qaf.automation.step.client.DataDrivenScenario">
    <failure type="java.lang.AssertionError" message="null">
      <![CDATA[java.lang.AssertionError: null
	at .When User made "${Type}" request to "${URL}" with "${RequestFile}" and compare "${ResponseCount}" and file "${ExpectedFile}"(features/InstrumentDetails.feature:5)
	at com.testscripts.TC_1_Postmethod.userMadeRequestToWithAndCompareAndFile(TC_1_Postmethod.java:85)
	at com.qmetry.qaf.automation.step.JavaStep.doExecute(JavaStep.java:150)
	at com.qmetry.qaf.automation.step.BaseTestStep.execute(BaseTestStep.java:146)
	at com.qmetry.qaf.automation.step.StringTestStep.execute(StringTestStep.java:126)
	at com.qmetry.qaf.automation.step.client.Scenario.execute(Scenario.java:174)
	at com.qmetry.qaf.automation.step.client.DataDrivenScenario.scenario(DataDrivenScenario.java:66)
]]>
    </failure>
  </testcase> <!-- Verify InstrumentDetails Api -->
  <testcase name="Verify InstrumentDetails Api" time="656.773" classname="com.qmetry.qaf.automation.step.client.DataDrivenScenario">
    <failure type="java.lang.AssertionError" message="null">
      <![CDATA[java.lang.AssertionError: null
	at .When User made "${Type}" request to "${URL}" with "${RequestFile}" and compare "${ResponseCount}" and file "${ExpectedFile}"(features/InstrumentDetails.feature:5)
	at com.testscripts.TC_1_Postmethod.userMadeRequestToWithAndCompareAndFile(TC_1_Postmethod.java:85)
	at com.qmetry.qaf.automation.step.JavaStep.doExecute(JavaStep.java:150)
	at com.qmetry.qaf.automation.step.BaseTestStep.execute(BaseTestStep.java:146)
	at com.qmetry.qaf.automation.step.StringTestStep.execute(StringTestStep.java:126)
	at com.qmetry.qaf.automation.step.client.Scenario.execute(Scenario.java:174)
	at com.qmetry.qaf.automation.step.client.DataDrivenScenario.scenario(DataDrivenScenario.java:66)
]]>
    </failure>
  </testcase> <!-- Verify InstrumentDetails Api -->
  <testcase name="Verify InstrumentDetails Api" time="0.718" classname="com.qmetry.qaf.automation.step.client.DataDrivenScenario"/>
  <testcase name="Verify InstrumentDetails Api" time="19.818" classname="com.qmetry.qaf.automation.step.client.DataDrivenScenario">
    <failure type="java.lang.AssertionError" message="null">
      <![CDATA[java.lang.AssertionError: null
	at .When User made "${Type}" request to "${URL}" with "${RequestFile}" and compare "${ResponseCount}" and file "${ExpectedFile}"(features/InstrumentDetails.feature:5)
	at com.testscripts.TC_1_Postmethod.userMadeRequestToWithAndCompareAndFile(TC_1_Postmethod.java:85)
	at com.qmetry.qaf.automation.step.JavaStep.doExecute(JavaStep.java:150)
	at com.qmetry.qaf.automation.step.BaseTestStep.execute(BaseTestStep.java:146)
	at com.qmetry.qaf.automation.step.StringTestStep.execute(StringTestStep.java:126)
	at com.qmetry.qaf.automation.step.client.Scenario.execute(Scenario.java:174)
	at com.qmetry.qaf.automation.step.client.DataDrivenScenario.scenario(DataDrivenScenario.java:66)
]]>
    </failure>
  </testcase> <!-- Verify InstrumentDetails Api -->
  <testcase name="Verify InstrumentDetails Api" time="2.48" classname="com.qmetry.qaf.automation.step.client.DataDrivenScenario"/>
  <testcase name="Verify InstrumentDetails Api" time="207.256" classname="com.qmetry.qaf.automation.step.client.DataDrivenScenario"/>
  <testcase name="Verify InstrumentDetails Api" time="0.875" classname="com.qmetry.qaf.automation.step.client.DataDrivenScenario"/>
  <testcase name="Verify InstrumentDetails Api" time="22.451" classname="com.qmetry.qaf.automation.step.client.DataDrivenScenario">
    <failure type="java.lang.AssertionError" message="null">
      <![CDATA[java.lang.AssertionError: null
	at .When User made "${Type}" request to "${URL}" with "${RequestFile}" and compare "${ResponseCount}" and file "${ExpectedFile}"(features/InstrumentDetails.feature:5)
	at com.testscripts.TC_1_Postmethod.userMadeRequestToWithAndCompareAndFile(TC_1_Postmethod.java:85)
	at com.qmetry.qaf.automation.step.JavaStep.doExecute(JavaStep.java:150)
	at com.qmetry.qaf.automation.step.BaseTestStep.execute(BaseTestStep.java:146)
	at com.qmetry.qaf.automation.step.StringTestStep.execute(StringTestStep.java:126)
	at com.qmetry.qaf.automation.step.client.Scenario.execute(Scenario.java:174)
	at com.qmetry.qaf.automation.step.client.DataDrivenScenario.scenario(DataDrivenScenario.java:66)
]]>
    </failure>
  </testcase> <!-- Verify InstrumentDetails Api -->
  <testcase name="Verify InstrumentDetails Api" time="53.885" classname="com.qmetry.qaf.automation.step.client.DataDrivenScenario">
    <failure type="java.lang.AssertionError" message="null">
      <![CDATA[java.lang.AssertionError: null
	at .When User made "${Type}" request to "${URL}" with "${RequestFile}" and compare "${ResponseCount}" and file "${ExpectedFile}"(features/InstrumentDetails.feature:5)
	at com.testscripts.TC_1_Postmethod.userMadeRequestToWithAndCompareAndFile(TC_1_Postmethod.java:85)
	at com.qmetry.qaf.automation.step.JavaStep.doExecute(JavaStep.java:150)
	at com.qmetry.qaf.automation.step.BaseTestStep.execute(BaseTestStep.java:146)
	at com.qmetry.qaf.automation.step.StringTestStep.execute(StringTestStep.java:126)
	at com.qmetry.qaf.automation.step.client.Scenario.execute(Scenario.java:174)
	at com.qmetry.qaf.automation.step.client.DataDrivenScenario.scenario(DataDrivenScenario.java:66)
]]>
    </failure>
  </testcase> <!-- Verify InstrumentDetails Api -->
  <testcase name="Verify InstrumentDetails Api" time="4.126" classname="com.qmetry.qaf.automation.step.client.DataDrivenScenario"/>
  <testcase name="Verify InstrumentDetails Api" time="29.857" classname="com.qmetry.qaf.automation.step.client.DataDrivenScenario">
    <failure type="java.lang.AssertionError" message="null">
      <![CDATA[java.lang.AssertionError: null
	at .When User made "${Type}" request to "${URL}" with "${RequestFile}" and compare "${ResponseCount}" and file "${ExpectedFile}"(features/InstrumentDetails.feature:5)
	at com.testscripts.TC_1_Postmethod.userMadeRequestToWithAndCompareAndFile(TC_1_Postmethod.java:85)
	at com.qmetry.qaf.automation.step.JavaStep.doExecute(JavaStep.java:150)
	at com.qmetry.qaf.automation.step.BaseTestStep.execute(BaseTestStep.java:146)
	at com.qmetry.qaf.automation.step.StringTestStep.execute(StringTestStep.java:126)
	at com.qmetry.qaf.automation.step.client.Scenario.execute(Scenario.java:174)
	at com.qmetry.qaf.automation.step.client.DataDrivenScenario.scenario(DataDrivenScenario.java:66)
]]>
    </failure>
  </testcase> <!-- Verify InstrumentDetails Api -->
  <testcase name="Verify InstrumentDetails Api" time="115.445" classname="com.qmetry.qaf.automation.step.client.DataDrivenScenario"/>
  <testcase name="Verify InstrumentDetails Api" time="114.771" classname="com.qmetry.qaf.automation.step.client.DataDrivenScenario"/>
  <testcase name="Verify InstrumentDetails Api" time="11.295" classname="com.qmetry.qaf.automation.step.client.DataDrivenScenario"/>
  <testcase name="Verify InstrumentDetails Api" time="114.962" classname="com.qmetry.qaf.automation.step.client.DataDrivenScenario"/>
  <testcase name="Verify InstrumentDetails Api" time="10.838" classname="com.qmetry.qaf.automation.step.client.DataDrivenScenario"/>
  <testcase name="Verify InstrumentDetails Api" time="115.858" classname="com.qmetry.qaf.automation.step.client.DataDrivenScenario"/>
  <testcase name="Verify InstrumentDetails Api" time="1.768" classname="com.qmetry.qaf.automation.step.client.DataDrivenScenario"/>
  <testcase name="Verify InstrumentDetails Api" time="0.943" classname="com.qmetry.qaf.automation.step.client.DataDrivenScenario"/>
  <testcase name="Verify InstrumentDetails Api" time="2.13" classname="com.qmetry.qaf.automation.step.client.DataDrivenScenario"/>
  <testcase name="Verify InstrumentDetails Api" time="0.504" classname="com.qmetry.qaf.automation.step.client.DataDrivenScenario"/>
  <testcase name="Verify InstrumentDetails Api" time="0.67" classname="com.qmetry.qaf.automation.step.client.DataDrivenScenario"/>
  <testcase name="Verify InstrumentDetails Api" time="1.034" classname="com.qmetry.qaf.automation.step.client.DataDrivenScenario"/>
  <testcase name="Verify InstrumentDetails Api" time="0.0" classname="com.qmetry.qaf.automation.step.client.DataDrivenScenario">
    <ignored/>
  </testcase> <!-- Verify InstrumentDetails Api -->
  <testcase name="Verify API structure" time="0.0" classname="com.qmetry.qaf.automation.step.client.DataDrivenScenario">
    <ignored/>
  </testcase> <!-- Verify API structure -->
  <testcase name="Verify API structure" time="0.0" classname="com.qmetry.qaf.automation.step.client.DataDrivenScenario">
    <ignored/>
  </testcase> <!-- Verify API structure -->
</testsuite> <!-- RDM API Regression -->
